# JRE version: OpenJDK Runtime Environment (21.0.6) (build 21.0.6+-13368085-b895.109)
# Java VM: OpenJDK 64-Bit Server VM (21.0.6+-13368085-b895.109, mixed mode, tiered, compressed oops, compressed class ptrs, g1 gc, windows-amd64)
GC Precious Log:
 CardTable entry size: 512
 Card Set container configuration: InlinePtr #cards 5 size 8 Array Of Cards #cards 12 size 40 Howl #buckets 4 coarsen threshold 1843 Howl Bitmap #cards 512 size 80 coarsen threshold 460 Card regions per heap region 1 cards per card region 2048
 CPUs: 8 total, 8 available
 Memory: 8025M
 Large Page Support: Disabled
 NUMA Support: Disabled
 Compressed Oops: Enabled (32-bit)
 Heap Region Size: 1M
 Heap Min Capacity: 8M
 Heap Initial Capacity: 126M
 Heap Max Capacity: 2G
 Pre-touch: Disabled
 Parallel Workers: 8
 Concurrent Workers: 2
 Concurrent Refinement Workers: 8
 Periodic GC: Disabled
Heap:
 garbage-first heap   total 442368K, used 207803K [0x0000000080000000, 0x0000000100000000)
  region size 1024K, 16 young (16384K), 16 survivors (16384K)
 Metaspace       used 171008K, committed 173504K, reserved 622592K
  class space    used 21309K, committed 22528K, reserved 425984K
GC Heap History (20 events):
Event: 81.858 GC heap after
{Heap after GC invocations=134 (full 0):
 garbage-first heap   total 442368K, used 187114K [0x0000000080000000, 0x0000000100000000)
  region size 1024K, 31 young (31744K), 31 survivors (31744K)
 Metaspace       used 168714K, committed 171264K, reserved 622592K
  class space    used 21109K, committed 22336K, reserved 425984K
}
Event: 82.089 GC heap before
{Heap before GC invocations=134 (full 0):
 garbage-first heap   total 442368K, used 385770K [0x0000000080000000, 0x0000000100000000)
  region size 1024K, 226 young (231424K), 31 survivors (31744K)
 Metaspace       used 170369K, committed 172928K, reserved 622592K
  class space    used 21286K, committed 22528K, reserved 425984K
}
Event: 82.111 GC heap after
{Heap after GC invocations=135 (full 0):
 garbage-first heap   total 442368K, used 191879K [0x0000000080000000, 0x0000000100000000)
  region size 1024K, 5 young (5120K), 5 survivors (5120K)
 Metaspace       used 170369K, committed 172928K, reserved 622592K
  class space    used 21286K, committed 22528K, reserved 425984K
}
Event: 82.128 GC heap before
{Heap before GC invocations=135 (full 0):
 garbage-first heap   total 442368K, used 207239K [0x0000000080000000, 0x0000000100000000)
  region size 1024K, 21 young (21504K), 5 survivors (5120K)
 Metaspace       used 170415K, committed 172928K, reserved 622592K
  class space    used 21288K, committed 22528K, reserved 425984K
}
Event: 82.131 GC heap after
{Heap after GC invocations=136 (full 0):
 garbage-first heap   total 442368K, used 190343K [0x0000000080000000, 0x0000000100000000)
  region size 1024K, 3 young (3072K), 3 survivors (3072K)
 Metaspace       used 170415K, committed 172928K, reserved 622592K
  class space    used 21288K, committed 22528K, reserved 425984K
}
Event: 82.756 GC heap before
{Heap before GC invocations=137 (full 0):
 garbage-first heap   total 442368K, used 416647K [0x0000000080000000, 0x0000000100000000)
  region size 1024K, 215 young (220160K), 3 survivors (3072K)
 Metaspace       used 170885K, committed 173376K, reserved 622592K
  class space    used 21307K, committed 22528K, reserved 425984K
}
Event: 82.763 GC heap after
{Heap after GC invocations=138 (full 0):
 garbage-first heap   total 442368K, used 196478K [0x0000000080000000, 0x0000000100000000)
  region size 1024K, 8 young (8192K), 8 survivors (8192K)
 Metaspace       used 170885K, committed 173376K, reserved 622592K
  class space    used 21307K, committed 22528K, reserved 425984K
}
Event: 83.057 GC heap before
{Heap before GC invocations=138 (full 0):
 garbage-first heap   total 442368K, used 410494K [0x0000000080000000, 0x0000000100000000)
  region size 1024K, 217 young (222208K), 8 survivors (8192K)
 Metaspace       used 170929K, committed 173440K, reserved 622592K
  class space    used 21307K, committed 22528K, reserved 425984K
}
Event: 83.063 GC heap after
{Heap after GC invocations=139 (full 0):
 garbage-first heap   total 442368K, used 195139K [0x0000000080000000, 0x0000000100000000)
  region size 1024K, 9 young (9216K), 9 survivors (9216K)
 Metaspace       used 170929K, committed 173440K, reserved 622592K
  class space    used 21307K, committed 22528K, reserved 425984K
}
Event: 83.299 GC heap before
{Heap before GC invocations=139 (full 0):
 garbage-first heap   total 442368K, used 407107K [0x0000000080000000, 0x0000000100000000)
  region size 1024K, 217 young (222208K), 9 survivors (9216K)
 Metaspace       used 170938K, committed 173440K, reserved 622592K
  class space    used 21307K, committed 22528K, reserved 425984K
}
Event: 83.305 GC heap after
{Heap after GC invocations=140 (full 0):
 garbage-first heap   total 442368K, used 195678K [0x0000000080000000, 0x0000000100000000)
  region size 1024K, 9 young (9216K), 9 survivors (9216K)
 Metaspace       used 170938K, committed 173440K, reserved 622592K
  class space    used 21307K, committed 22528K, reserved 425984K
}
Event: 83.788 GC heap before
{Heap before GC invocations=141 (full 0):
 garbage-first heap   total 442368K, used 407646K [0x0000000080000000, 0x0000000100000000)
  region size 1024K, 217 young (222208K), 9 survivors (9216K)
 Metaspace       used 170971K, committed 173440K, reserved 622592K
  class space    used 21308K, committed 22528K, reserved 425984K
}
Event: 83.794 GC heap after
{Heap after GC invocations=142 (full 0):
 garbage-first heap   total 442368K, used 197614K [0x0000000080000000, 0x0000000100000000)
  region size 1024K, 11 young (11264K), 11 survivors (11264K)
 Metaspace       used 170971K, committed 173440K, reserved 622592K
  class space    used 21308K, committed 22528K, reserved 425984K
}
Event: 84.072 GC heap before
{Heap before GC invocations=142 (full 0):
 garbage-first heap   total 442368K, used 409582K [0x0000000080000000, 0x0000000100000000)
  region size 1024K, 215 young (220160K), 11 survivors (11264K)
 Metaspace       used 170986K, committed 173504K, reserved 622592K
  class space    used 21308K, committed 22528K, reserved 425984K
}
Event: 84.081 GC heap after
{Heap after GC invocations=143 (full 0):
 garbage-first heap   total 442368K, used 203916K [0x0000000080000000, 0x0000000100000000)
  region size 1024K, 16 young (16384K), 16 survivors (16384K)
 Metaspace       used 170986K, committed 173504K, reserved 622592K
  class space    used 21308K, committed 22528K, reserved 425984K
}
Event: 84.288 GC heap before
{Heap before GC invocations=143 (full 0):
 garbage-first heap   total 442368K, used 401548K [0x0000000080000000, 0x0000000100000000)
  region size 1024K, 209 young (214016K), 16 survivors (16384K)
 Metaspace       used 170992K, committed 173504K, reserved 622592K
  class space    used 21308K, committed 22528K, reserved 425984K
}
Event: 84.297 GC heap after
{Heap after GC invocations=144 (full 0):
 garbage-first heap   total 442368K, used 205228K [0x0000000080000000, 0x0000000100000000)
  region size 1024K, 15 young (15360K), 15 survivors (15360K)
 Metaspace       used 170992K, committed 173504K, reserved 622592K
  class space    used 21308K, committed 22528K, reserved 425984K
}
Event: 84.695 GC heap before
{Heap before GC invocations=145 (full 0):
 garbage-first heap   total 442368K, used 401836K [0x0000000080000000, 0x0000000100000000)
  region size 1024K, 208 young (212992K), 15 survivors (15360K)
 Metaspace       used 170996K, committed 173504K, reserved 622592K
  class space    used 21308K, committed 22528K, reserved 425984K
}
Event: 84.704 GC heap after
{Heap after GC invocations=146 (full 0):
 garbage-first heap   total 442368K, used 205630K [0x0000000080000000, 0x0000000100000000)
  region size 1024K, 13 young (13312K), 13 survivors (13312K)
 Metaspace       used 170996K, committed 173504K, reserved 622592K
  class space    used 21308K, committed 22528K, reserved 425984K
}
Event: 84.925 GC heap before
{Heap before GC invocations=146 (full 0):
 garbage-first heap   total 442368K, used 406334K [0x0000000080000000, 0x0000000100000000)
  region size 1024K, 208 young (212992K), 13 survivors (13312K)
 Metaspace       used 171008K, committed 173504K, reserved 622592K
  class space    used 21309K, committed 22528K, reserved 425984K
}

