# JRE version: OpenJDK Runtime Environment (21.0.6) (build 21.0.6+-13368085-b895.109)
# Java VM: OpenJDK 64-Bit Server VM (21.0.6+-13368085-b895.109, mixed mode, tiered, compressed oops, compressed class ptrs, g1 gc, windows-amd64)
GC Precious Log:
 CardTable entry size: 512
 Card Set container configuration: InlinePtr #cards 5 size 8 Array Of Cards #cards 12 size 40 Howl #buckets 4 coarsen threshold 1843 Howl Bitmap #cards 512 size 80 coarsen threshold 460 Card regions per heap region 1 cards per card region 2048
 CPUs: 8 total, 8 available
 Memory: 8025M
 Large Page Support: Disabled
 NUMA Support: Disabled
 Compressed Oops: Enabled (32-bit)
 Heap Region Size: 1M
 Heap Min Capacity: 8M
 Heap Initial Capacity: 126M
 Heap Max Capacity: 2G
 Pre-touch: Disabled
 Parallel Workers: 8
 Concurrent Workers: 2
 Concurrent Refinement Workers: 8
 Periodic GC: Disabled
Heap:
 garbage-first heap   total 103424K, used 71817K [0x0000000080000000, 0x0000000100000000)
  region size 1024K, 41 young (41984K), 3 survivors (3072K)
 Metaspace       used 45987K, committed 46912K, reserved 491520K
  class space    used 5827K, committed 6272K, reserved 425984K
GC Heap History (20 events):
Event: 6.456 GC heap before
{Heap before GC invocations=10 (full 0):
 garbage-first heap   total 71680K, used 62365K [0x0000000080000000, 0x0000000100000000)
  region size 1024K, 35 young (35840K), 5 survivors (5120K)
 Metaspace       used 44807K, committed 45760K, reserved 491520K
  class space    used 5734K, committed 6208K, reserved 425984K
}
Event: 6.461 GC heap after
{Heap after GC invocations=11 (full 0):
 garbage-first heap   total 71680K, used 31931K [0x0000000080000000, 0x0000000100000000)
  region size 1024K, 2 young (2048K), 2 survivors (2048K)
 Metaspace       used 44807K, committed 45760K, reserved 491520K
  class space    used 5734K, committed 6208K, reserved 425984K
}
Event: 6.664 GC heap before
{Heap before GC invocations=11 (full 0):
 garbage-first heap   total 71680K, used 62651K [0x0000000080000000, 0x0000000100000000)
  region size 1024K, 32 young (32768K), 2 survivors (2048K)
 Metaspace       used 45590K, committed 46528K, reserved 491520K
  class space    used 5824K, committed 6272K, reserved 425984K
}
Event: 6.666 GC heap after
{Heap after GC invocations=12 (full 0):
 garbage-first heap   total 71680K, used 32112K [0x0000000080000000, 0x0000000100000000)
  region size 1024K, 3 young (3072K), 3 survivors (3072K)
 Metaspace       used 45590K, committed 46528K, reserved 491520K
  class space    used 5824K, committed 6272K, reserved 425984K
}
Event: 6.881 GC heap before
{Heap before GC invocations=12 (full 0):
 garbage-first heap   total 71680K, used 62832K [0x0000000080000000, 0x0000000100000000)
  region size 1024K, 33 young (33792K), 3 survivors (3072K)
 Metaspace       used 45824K, committed 46784K, reserved 491520K
  class space    used 5825K, committed 6272K, reserved 425984K
}
Event: 6.883 GC heap after
{Heap after GC invocations=13 (full 0):
 garbage-first heap   total 71680K, used 32401K [0x0000000080000000, 0x0000000100000000)
  region size 1024K, 3 young (3072K), 3 survivors (3072K)
 Metaspace       used 45824K, committed 46784K, reserved 491520K
  class space    used 5825K, committed 6272K, reserved 425984K
}
Event: 7.007 GC heap before
{Heap before GC invocations=13 (full 0):
 garbage-first heap   total 71680K, used 63121K [0x0000000080000000, 0x0000000100000000)
  region size 1024K, 33 young (33792K), 3 survivors (3072K)
 Metaspace       used 45883K, committed 46848K, reserved 491520K
  class space    used 5825K, committed 6272K, reserved 425984K
}
Event: 7.009 GC heap after
{Heap after GC invocations=14 (full 0):
 garbage-first heap   total 71680K, used 32741K [0x0000000080000000, 0x0000000100000000)
  region size 1024K, 3 young (3072K), 3 survivors (3072K)
 Metaspace       used 45883K, committed 46848K, reserved 491520K
  class space    used 5825K, committed 6272K, reserved 425984K
}
Event: 7.091 GC heap before
{Heap before GC invocations=14 (full 0):
 garbage-first heap   total 71680K, used 63461K [0x0000000080000000, 0x0000000100000000)
  region size 1024K, 33 young (33792K), 3 survivors (3072K)
 Metaspace       used 45902K, committed 46912K, reserved 491520K
  class space    used 5825K, committed 6272K, reserved 425984K
}
Event: 7.094 GC heap after
{Heap after GC invocations=15 (full 0):
 garbage-first heap   total 86016K, used 32802K [0x0000000080000000, 0x0000000100000000)
  region size 1024K, 3 young (3072K), 3 survivors (3072K)
 Metaspace       used 45902K, committed 46912K, reserved 491520K
  class space    used 5825K, committed 6272K, reserved 425984K
}
Event: 7.261 GC heap before
{Heap before GC invocations=15 (full 0):
 garbage-first heap   total 86016K, used 76834K [0x0000000080000000, 0x0000000100000000)
  region size 1024K, 46 young (47104K), 3 survivors (3072K)
 Metaspace       used 45936K, committed 46912K, reserved 491520K
  class space    used 5826K, committed 6272K, reserved 425984K
}
Event: 7.263 GC heap after
{Heap after GC invocations=16 (full 0):
 garbage-first heap   total 86016K, used 33019K [0x0000000080000000, 0x0000000100000000)
  region size 1024K, 3 young (3072K), 3 survivors (3072K)
 Metaspace       used 45936K, committed 46912K, reserved 491520K
  class space    used 5826K, committed 6272K, reserved 425984K
}
Event: 7.385 GC heap before
{Heap before GC invocations=16 (full 0):
 garbage-first heap   total 86016K, used 77051K [0x0000000080000000, 0x0000000100000000)
  region size 1024K, 46 young (47104K), 3 survivors (3072K)
 Metaspace       used 45943K, committed 46912K, reserved 491520K
  class space    used 5826K, committed 6272K, reserved 425984K
}
Event: 7.387 GC heap after
{Heap after GC invocations=17 (full 0):
 garbage-first heap   total 86016K, used 33223K [0x0000000080000000, 0x0000000100000000)
  region size 1024K, 4 young (4096K), 4 survivors (4096K)
 Metaspace       used 45943K, committed 46912K, reserved 491520K
  class space    used 5826K, committed 6272K, reserved 425984K
}
Event: 7.499 GC heap before
{Heap before GC invocations=17 (full 0):
 garbage-first heap   total 86016K, used 75207K [0x0000000080000000, 0x0000000100000000)
  region size 1024K, 45 young (46080K), 4 survivors (4096K)
 Metaspace       used 45978K, committed 46912K, reserved 491520K
  class space    used 5827K, committed 6272K, reserved 425984K
}
Event: 7.501 GC heap after
{Heap after GC invocations=18 (full 0):
 garbage-first heap   total 86016K, used 33381K [0x0000000080000000, 0x0000000100000000)
  region size 1024K, 4 young (4096K), 4 survivors (4096K)
 Metaspace       used 45978K, committed 46912K, reserved 491520K
  class space    used 5827K, committed 6272K, reserved 425984K
}
Event: 7.616 GC heap before
{Heap before GC invocations=18 (full 0):
 garbage-first heap   total 86016K, used 75365K [0x0000000080000000, 0x0000000100000000)
  region size 1024K, 45 young (46080K), 4 survivors (4096K)
 Metaspace       used 45982K, committed 46912K, reserved 491520K
  class space    used 5827K, committed 6272K, reserved 425984K
}
Event: 7.618 GC heap after
{Heap after GC invocations=19 (full 0):
 garbage-first heap   total 103424K, used 34005K [0x0000000080000000, 0x0000000100000000)
  region size 1024K, 3 young (3072K), 3 survivors (3072K)
 Metaspace       used 45982K, committed 46912K, reserved 491520K
  class space    used 5827K, committed 6272K, reserved 425984K
}
Event: 8.027 GC heap before
{Heap before GC invocations=19 (full 0):
 garbage-first heap   total 103424K, used 92373K [0x0000000080000000, 0x0000000100000000)
  region size 1024K, 60 young (61440K), 3 survivors (3072K)
 Metaspace       used 45986K, committed 46912K, reserved 491520K
  class space    used 5827K, committed 6272K, reserved 425984K
}
Event: 8.029 GC heap after
{Heap after GC invocations=20 (full 0):
 garbage-first heap   total 103424K, used 33929K [0x0000000080000000, 0x0000000100000000)
  region size 1024K, 3 young (3072K), 3 survivors (3072K)
 Metaspace       used 45986K, committed 46912K, reserved 491520K
  class space    used 5827K, committed 6272K, reserved 425984K
}

